<?xml version="1.0" encoding="UTF-8" ?>
<testsuite tests="9" failures="0" name="co.luism.ksoft.iot.utils.test.TestMainSuite" time="3.27" errors="0" skipped="0">
  <properties>
    <property name="java.runtime.name" value="Java(TM) SE Runtime Environment"/>
    <property name="sun.boot.library.path" value="/usr/lib/jvm/jdk1.8.0_251/jre/lib/amd64"/>
    <property name="java.vm.version" value="25.251-b08"/>
    <property name="java.vm.vendor" value="Oracle Corporation"/>
    <property name="maven.multiModuleProjectDirectory" value="/home/jenkins/workspace/ksoft-iot-utils"/>
    <property name="java.vendor.url" value="http://java.oracle.com/"/>
    <property name="path.separator" value=":"/>
    <property name="guice.disable.misplaced.annotation.check" value="true"/>
    <property name="java.vm.name" value="Java HotSpot(TM) 64-Bit Server VM"/>
    <property name="file.encoding.pkg" value="sun.io"/>
    <property name="user.country" value="US"/>
    <property name="sun.java.launcher" value="SUN_STANDARD"/>
    <property name="sun.os.patch.level" value="unknown"/>
    <property name="java.vm.specification.name" value="Java Virtual Machine Specification"/>
    <property name="user.dir" value="/home/jenkins/workspace/ksoft-iot-utils"/>
    <property name="java.runtime.version" value="1.8.0_251-b08"/>
    <property name="java.awt.graphicsenv" value="sun.awt.X11GraphicsEnvironment"/>
    <property name="java.endorsed.dirs" value="/usr/lib/jvm/jdk1.8.0_251/jre/lib/endorsed"/>
    <property name="os.arch" value="amd64"/>
    <property name="java.io.tmpdir" value="/tmp"/>
    <property name="line.separator" value="
"/>
    <property name="java.vm.specification.vendor" value="Oracle Corporation"/>
    <property name="os.name" value="Linux"/>
    <property name="idea.version2020.1" value="true"/>
    <property name="maven.ext.class.path" value="/home/jenkins/downloads/intelij-20/plugins/maven/lib/maven-event-listener.jar"/>
    <property name="classworlds.conf" value="/home/jenkins/downloads/intelij-20/plugins/maven/lib/maven3/bin/m2.conf"/>
    <property name="sun.jnu.encoding" value="UTF-8"/>
    <property name="java.library.path" value="/usr/java/packages/lib/amd64:/usr/lib64:/lib64:/lib:/usr/lib"/>
    <property name="maven.conf" value="/home/jenkins/downloads/intelij-20/plugins/maven/lib/maven3/conf"/>
    <property name="java.specification.name" value="Java Platform API Specification"/>
    <property name="java.class.version" value="52.0"/>
    <property name="sun.management.compiler" value="HotSpot 64-Bit Tiered Compilers"/>
    <property name="os.version" value="5.4.0-37-generic"/>
    <property name="user.home" value="/home/jenkins"/>
    <property name="user.timezone" value="Etc/UTC"/>
    <property name="java.awt.printerjob" value="sun.print.PSPrinterJob"/>
    <property name="java.specification.version" value="1.8"/>
    <property name="file.encoding" value="UTF-8"/>
    <property name="user.name" value="jenkins"/>
    <property name="java.class.path" value="/home/jenkins/downloads/intelij-20/plugins/maven/lib/maven3/boot/plexus-classworlds-2.6.0.jar:/home/jenkins/downloads/intelij-20/lib/idea_rt.jar"/>
    <property name="java.vm.specification.version" value="1.8"/>
    <property name="sun.arch.data.model" value="64"/>
    <property name="java.home" value="/usr/lib/jvm/jdk1.8.0_251/jre"/>
    <property name="sun.java.command" value="org.codehaus.classworlds.Launcher -Didea.version2020.1 install"/>
    <property name="java.specification.vendor" value="Oracle Corporation"/>
    <property name="user.language" value="en"/>
    <property name="awt.toolkit" value="sun.awt.X11.XToolkit"/>
    <property name="java.vm.info" value="mixed mode"/>
    <property name="java.version" value="1.8.0_251"/>
    <property name="java.ext.dirs" value="/usr/lib/jvm/jdk1.8.0_251/jre/lib/ext:/usr/java/packages/lib/ext"/>
    <property name="securerandom.source" value="file:/dev/./urandom"/>
    <property name="sun.boot.class.path" value="/usr/lib/jvm/jdk1.8.0_251/jre/lib/resources.jar:/usr/lib/jvm/jdk1.8.0_251/jre/lib/rt.jar:/usr/lib/jvm/jdk1.8.0_251/jre/lib/sunrsasign.jar:/usr/lib/jvm/jdk1.8.0_251/jre/lib/jsse.jar:/usr/lib/jvm/jdk1.8.0_251/jre/lib/jce.jar:/usr/lib/jvm/jdk1.8.0_251/jre/lib/charsets.jar:/usr/lib/jvm/jdk1.8.0_251/jre/lib/jfr.jar:/usr/lib/jvm/jdk1.8.0_251/jre/classes"/>
    <property name="java.vendor" value="Oracle Corporation"/>
    <property name="maven.home" value="/home/jenkins/downloads/intelij-20/plugins/maven/lib/maven3"/>
    <property name="file.separator" value="/"/>
    <property name="java.vendor.url.bug" value="http://bugreport.sun.com/bugreport/"/>
    <property name="sun.cpu.endian" value="little"/>
    <property name="sun.io.unicode.encoding" value="UnicodeLittle"/>
    <property name="sun.cpu.isalist" value=""/>
  </properties>
  <testcase classname="co.luism.ksoft.iot.utils.test.TestMainSuite" name="test01LoadODS" time="1.102"/>
  <testcase classname="co.luism.ksoft.iot.utils.test.TestMainSuite" name="test02LoadXml" time="0.103"/>
  <testcase classname="co.luism.ksoft.iot.utils.test.TestMainSuite" name="test03SaveODS" time="0.957"/>
  <testcase classname="co.luism.ksoft.iot.utils.test.TestMainSuite" name="test04SaveXML" time="0.088"/>
  <testcase classname="co.luism.ksoft.iot.utils.test.TestMainSuite" name="test05LoadBufferAndCategoriesfromODS" time="0.392"/>
  <testcase classname="co.luism.ksoft.iot.utils.test.TestMainSuite" name="test06LoadTrainfromODS" time="0.236"/>
  <testcase classname="co.luism.ksoft.iot.utils.test.TestMainSuite" name="test07LoadBufferAndSaveDataLogger" time="0.348"/>
  <testcase classname="co.luism.ksoft.iot.utils.test.TestMainSuite" name="test08LoadFromFloxmlBufferAndSaveDataLogger" time="0.044"/>
  <testcase classname="co.luism.ksoft.iot.utils.test.TestMainSuite" name="test09GetMD5Hash" time="0"/>
</testsuite>